<?xml version="1.0" encoding="UTF-8"?>
<!-- Generated by org.testng.reporters.JUnitReportReporter -->
<testsuite hostname="58-s07" name="com.applect.meritnation.scripts.LoginTest" tests="1" failures="0" timestamp="25 Jul 2018 07:22:16 GMT" time="35.819" errors="0">
  <testcase name="TC_001_LoginTest" time="35.819" classname="com.applect.meritnation.scripts.LoginTest"/>
</testsuite> <!-- com.applect.meritnation.scripts.LoginTest -->
