<?xml version="1.0" encoding="UTF-8"?>
<!-- Generated by org.testng.reporters.JUnitReportReporter -->
<testsuite skipped="0" hostname="58-s07" name="com.applect.meritnation.scripts.AsknAnswerTest" tests="2" failures="0" timestamp="27 Nov 2018 11:02:34 GMT" time="74.941" errors="0">
  <testcase name="TC_001_AskQuestionTest" time="36.695" classname="com.applect.meritnation.scripts.AsknAnswerTest"/>
  <testcase name="TC_003_VerifyUserProfileFromRecommendedQuestionsTest" time="38.246" classname="com.applect.meritnation.scripts.AsknAnswerTest"/>
</testsuite> <!-- com.applect.meritnation.scripts.AsknAnswerTest -->
