<?xml version="1.0" encoding="UTF-8"?>
<!-- Generated by org.testng.reporters.JUnitReportReporter -->
<testsuite hostname="58-s07" name="com.applect.meritnationmobile.scripts.MobileLoginTest" tests="1" failures="0" timestamp="25 Jul 2018 07:22:16 GMT" time="36.688" errors="0">
  <testcase name="TC_001_VerifyValidLogin" time="36.688" classname="com.applect.meritnationmobile.scripts.MobileLoginTest"/>
</testsuite> <!-- com.applect.meritnationmobile.scripts.MobileLoginTest -->
