<?xml version="1.0" encoding="UTF-8"?>
<!-- Generated by org.testng.reporters.JUnitReportReporter -->
<testsuite hostname="58-s07" name="com.applect.meritnation.scripts.AsknAnswerTest" tests="1" failures="0" timestamp="19 Dec 2018 09:02:41 GMT" time="40.282" errors="0">
  <testcase name="TC_001_AskQuestionTest" time="40.282" classname="com.applect.meritnation.scripts.AsknAnswerTest"/>
</testsuite> <!-- com.applect.meritnation.scripts.AsknAnswerTest -->
