<?xml version="1.0" encoding="UTF-8"?>
<!-- Generated by org.testng.reporters.JUnitReportReporter -->
<testsuite hostname="58-s07" name="com.applect.meritnation.scripts.LoginTest" tests="1" failures="0" timestamp="28 Nov 2018 13:36:24 GMT" time="36.007" errors="0">
  <testcase name="TC_001_LoginTest" time="36.007" classname="com.applect.meritnation.scripts.LoginTest"/>
</testsuite> <!-- com.applect.meritnation.scripts.LoginTest -->
