<?xml version="1.0" encoding="UTF-8"?>
<!-- Generated by org.testng.reporters.JUnitReportReporter -->
<testsuite skipped="0" hostname="58-s07" name="com.applect.meritnation.scripts.LoginTest" tests="1" failures="0" timestamp="27 Nov 2018 11:02:34 GMT" time="34.650" errors="0">
  <testcase name="TC_001_LoginTest" time="34.650" classname="com.applect.meritnation.scripts.LoginTest"/>
</testsuite> <!-- com.applect.meritnation.scripts.LoginTest -->
