<?xml version="1.0" encoding="UTF-8"?>
<!-- Generated by org.testng.reporters.JUnitReportReporter -->
<testsuite hostname="58-s07" name="com.applect.meritnation.scripts.StudyTest" tests="10" failures="0" timestamp="28 Nov 2018 13:36:24 GMT" time="789.641" errors="0">
  <testcase name="TC_053_VerifyBoardPapterSolutionTest" time="162.789" classname="com.applect.meritnation.scripts.StudyTest"/>
  <testcase name="TC_004_VerifyStudyPhysicsTopicPracticeTest" time="47.704" classname="com.applect.meritnation.scripts.StudyTest"/>
  <testcase name="TC_006_VerifyStudyPhysicsTopicTestsTest" time="47.049" classname="com.applect.meritnation.scripts.StudyTest"/>
  <testcase name="TC_005_VerifyStudyPhysicsTopicAssignmentTest" time="48.154" classname="com.applect.meritnation.scripts.StudyTest"/>
  <testcase name="TC_010_VerifyStudyPhysicsTopicBoardPaperQuestionsTest" time="36.817" classname="com.applect.meritnation.scripts.StudyTest"/>
  <testcase name="TC_003_VerifyStudyPhysicsTopicConceptsTest" time="98.800" classname="com.applect.meritnation.scripts.StudyTest"/>
  <testcase name="TC_002_verifyStudyPhysicsTopicLiveClasssesTest" time="51.796" classname="com.applect.meritnation.scripts.StudyTest"/>
  <testcase name="TC_001_VerifyStudyPhysicsPageTest" time="167.641" classname="com.applect.meritnation.scripts.StudyTest"/>
  <testcase name="TC_009_VerifyStudyPhysicsTopicRevisionNotesTest" time="76.355" classname="com.applect.meritnation.scripts.StudyTest"/>
  <testcase name="TC_011_VerifyStudyPhysicsTopicFormativeAssesmentTest" time="52.536" classname="com.applect.meritnation.scripts.StudyTest"/>
</testsuite> <!-- com.applect.meritnation.scripts.StudyTest -->
