<?xml version="1.0" encoding="UTF-8"?>
<!-- Generated by org.testng.reporters.JUnitReportReporter -->
<testsuite hostname="58-s07" name="com.applect.meritnation.scripts.CreateAccountTest" tests="1" failures="0" timestamp="20 Feb 2018 10:14:15 GMT" time="45.273" errors="0">
  <testcase name="TC_001_CreateAccountTest" time="45.273" classname="com.applect.meritnation.scripts.CreateAccountTest"/>
</testsuite> <!-- com.applect.meritnation.scripts.CreateAccountTest -->
