<?xml version="1.0" encoding="UTF-8"?>
<!-- Generated by org.testng.reporters.JUnitReportReporter -->
<testsuite skipped="0" hostname="58-s07" name="com.applect.meritnation.scripts.CreateAccountTest" tests="1" failures="0" timestamp="17 Apr 2018 06:40:19 GMT" time="45.523" errors="0">
  <testcase name="TC_001_CreateAccountTest" time="45.523" classname="com.applect.meritnation.scripts.CreateAccountTest"/>
</testsuite> <!-- com.applect.meritnation.scripts.CreateAccountTest -->
