<?xml version="1.0" encoding="UTF-8"?>
<!-- Generated by org.testng.reporters.JUnitReportReporter -->
<testsuite hostname="58-s07" name="com.applect.meritnation.scripts.SearchTest" tests="1" failures="0" timestamp="13 Feb 2018 12:45:59 GMT" time="44.138" errors="0">
  <testcase name="SearchTest" time="44.138" classname="com.applect.meritnation.scripts.SearchTest"/>
</testsuite> <!-- com.applect.meritnation.scripts.SearchTest -->
