<?xml version="1.0" encoding="UTF-8"?>
<!-- Generated by org.testng.reporters.JUnitReportReporter -->
<testsuite hostname="58-s07" name="com.applect.meritnation.scripts.StudyTest" tests="2" failures="0" timestamp="13 Feb 2018 12:43:56 GMT" time="194.025" errors="0">
  <testcase name="TC_003_VerifyStudyPhysicsTopicConceptsTest" time="119.498" classname="com.applect.meritnation.scripts.StudyTest"/>
  <testcase name="TC_004_VerifyStudyPhysicsTopicPracticeTest" time="74.527" classname="com.applect.meritnation.scripts.StudyTest"/>
</testsuite> <!-- com.applect.meritnation.scripts.StudyTest -->
