<?xml version="1.0" encoding="UTF-8"?>
<!-- Generated by org.testng.reporters.JUnitReportReporter -->
<testsuite hostname="58-s07" name="com.applect.meritnation.scripts.StudyTest" tests="10" failures="0" timestamp="20 Feb 2018 10:14:15 GMT" time="1045.949" errors="0">
  <testcase name="TC_009_VerifyStudyPhysicsTopicRevisionNotesTest" time="90.529" classname="com.applect.meritnation.scripts.StudyTest"/>
  <testcase name="TC_011_VerifyStudyPhysicsTopicFormativeAssesmentTest" time="90.869" classname="com.applect.meritnation.scripts.StudyTest"/>
  <testcase name="TC_004_VerifyStudyPhysicsTopicPracticeTest" time="77.224" classname="com.applect.meritnation.scripts.StudyTest"/>
  <testcase name="TC_001_VerifyStudyPhysicsPageTest" time="199.551" classname="com.applect.meritnation.scripts.StudyTest"/>
  <testcase name="TC_002_verifyStudyPhysicsTopicLiveClasssesTest" time="92.359" classname="com.applect.meritnation.scripts.StudyTest"/>
  <testcase name="TC_006_VerifyStudyPhysicsTopicTestsTest" time="83.319" classname="com.applect.meritnation.scripts.StudyTest"/>
  <testcase name="TC_010_VerifyStudyPhysicsTopicBoardPaperQuestionsTest" time="71.715" classname="com.applect.meritnation.scripts.StudyTest"/>
  <testcase name="TC_003_VerifyStudyPhysicsTopicConceptsTest" time="153.597" classname="com.applect.meritnation.scripts.StudyTest"/>
  <testcase name="TC_005_VerifyStudyPhysicsTopicAssignmentTest" time="88.709" classname="com.applect.meritnation.scripts.StudyTest"/>
  <testcase name="TC_007_VerifyStudyPhysicsTopicPupularQuestionsTest" time="98.077" classname="com.applect.meritnation.scripts.StudyTest"/>
</testsuite> <!-- com.applect.meritnation.scripts.StudyTest -->
