<?xml version="1.0" encoding="UTF-8"?>
<!-- Generated by org.testng.reporters.JUnitReportReporter -->
<testsuite hostname="58-s07" name="com.applect.meritnation.scripts.LoginTest" tests="1" failures="0" timestamp="20 Feb 2018 10:14:15 GMT" time="48.354" errors="0">
  <testcase name="LoginTest" time="48.354" classname="com.applect.meritnation.scripts.LoginTest"/>
</testsuite> <!-- com.applect.meritnation.scripts.LoginTest -->
