<?xml version="1.0" encoding="UTF-8"?>
<!-- Generated by org.testng.reporters.JUnitReportReporter -->
<testsuite hostname="58-s07" name="com.applect.meritnation.scripts.LoginTest" tests="1" failures="0" timestamp="13 Feb 2018 12:51:30 GMT" time="285.256" errors="0">
  <testcase name="AllSpecificPackageUserLoginTest" time="285.256" classname="com.applect.meritnation.scripts.LoginTest"/>
</testsuite> <!-- com.applect.meritnation.scripts.LoginTest -->
