<?xml version="1.0" encoding="UTF-8"?>
<!-- Generated by org.testng.reporters.JUnitReportReporter -->
<testsuite hostname="58-s07" name="com.applect.meritnation.scripts.MyQaTest" tests="1" failures="0" timestamp="13 Feb 2018 12:38:12 GMT" time="77.983" errors="0">
  <testcase name="AskQuestionTest" time="77.983" classname="com.applect.meritnation.scripts.MyQaTest"/>
</testsuite> <!-- com.applect.meritnation.scripts.MyQaTest -->
