<?xml version="1.0" encoding="UTF-8"?>
<!-- Generated by org.testng.reporters.JUnitReportReporter -->
<testsuite hostname="58-s07" name="com.applect.meritnation.scripts.CreateAccountTest" tests="1" failures="0" timestamp="13 Feb 2018 12:43:56 GMT" time="49.632" errors="0">
  <testcase name="createAccountTest" time="49.632" classname="com.applect.meritnation.scripts.CreateAccountTest"/>
</testsuite> <!-- com.applect.meritnation.scripts.CreateAccountTest -->
