<?xml version="1.0" encoding="UTF-8"?>
<!-- Generated by org.testng.reporters.JUnitReportReporter -->
<testsuite hostname="58-s07" name="com.applect.meritnation.scripts.MyQaTest" tests="1" failures="0" timestamp="16 Feb 2018 13:44:59 GMT" time="95.848" errors="0">
  <testcase name="AskQuestionTest" time="95.848" classname="com.applect.meritnation.scripts.MyQaTest"/>
</testsuite> <!-- com.applect.meritnation.scripts.MyQaTest -->
