<?xml version="1.0" encoding="UTF-8"?>
<!-- Generated by org.testng.reporters.JUnitReportReporter -->
<testsuite hostname="58-s07" name="com.applect.meritnation.scripts.AsknAnswerTest" tests="1" failures="0" timestamp="20 Feb 2018 10:14:15 GMT" time="85.756" errors="0">
  <testcase name="TC_001AskQuestionTest" time="85.756" classname="com.applect.meritnation.scripts.AsknAnswerTest"/>
</testsuite> <!-- com.applect.meritnation.scripts.AsknAnswerTest -->
