<?xml version="1.0" encoding="UTF-8"?>
<!-- Generated by org.testng.reporters.JUnitReportReporter -->
<testsuite skipped="0" hostname="58-s07" name="TestArray" tests="1" failures="0" timestamp="27 Mar 2018 05:44:46 GMT" time="0.025" errors="0">
  <testcase name="hello" time="0.025" classname="TestArray"/>
</testsuite> <!-- TestArray -->
