<?xml version="1.0" encoding="UTF-8"?>
<!-- Generated by org.testng.reporters.JUnitReportReporter -->
<testsuite skipped="0" hostname="58-s07" name="com.applect.meritnation.scripts.AsknAnswerTest" tests="2" failures="0" timestamp="17 Apr 2018 06:40:19 GMT" time="71.335" errors="0">
  <testcase name="TC_001_AskQuestionTest" time="32.376" classname="com.applect.meritnation.scripts.AsknAnswerTest"/>
  <testcase name="TC_003_VerifyUserProfileFromRecommendedQuestionsTest" time="38.959" classname="com.applect.meritnation.scripts.AsknAnswerTest"/>
</testsuite> <!-- com.applect.meritnation.scripts.AsknAnswerTest -->
