<?xml version="1.0" encoding="UTF-8"?>
<!-- Generated by org.testng.reporters.JUnitReportReporter -->
<testsuite hostname="58-s07" name="com.applect.meritnation.scripts.CreateAccountTest" tests="2" failures="0" timestamp="28 Nov 2018 13:36:24 GMT" time="83.481" errors="0">
  <testcase name="TC_001_ANARegistrationTest" time="44.503" classname="com.applect.meritnation.scripts.CreateAccountTest"/>
  <testcase name="TC_001_CreateAccountTest" time="38.978" classname="com.applect.meritnation.scripts.CreateAccountTest"/>
</testsuite> <!-- com.applect.meritnation.scripts.CreateAccountTest -->
