<?xml version="1.0" encoding="UTF-8"?>
<!-- Generated by org.testng.reporters.JUnitReportReporter -->
<testsuite hostname="58-s07" name="com.applect.meritnation.scripts.StudyTest" tests="10" failures="0" timestamp="11 Oct 2018 07:27:48 GMT" time="920.129" errors="0">
  <testcase name="TC_004_VerifyStudyPhysicsTopicPracticeTest" time="52.919" classname="com.applect.meritnation.scripts.StudyTest"/>
  <testcase name="TC_001_VerifyStudyPhysicsPageTest" time="203.379" classname="com.applect.meritnation.scripts.StudyTest"/>
  <testcase name="TC_011_VerifyStudyPhysicsTopicFormativeAssesmentTest" time="59.105" classname="com.applect.meritnation.scripts.StudyTest"/>
  <testcase name="TC_002_verifyStudyPhysicsTopicLiveClasssesTest" time="69.795" classname="com.applect.meritnation.scripts.StudyTest"/>
  <testcase name="TC_005_VerifyStudyPhysicsTopicAssignmentTest" time="53.547" classname="com.applect.meritnation.scripts.StudyTest"/>
  <testcase name="TC_010_VerifyStudyPhysicsTopicBoardPaperQuestionsTest" time="49.025" classname="com.applect.meritnation.scripts.StudyTest"/>
  <testcase name="TC_006_VerifyStudyPhysicsTopicTestsTest" time="58.865" classname="com.applect.meritnation.scripts.StudyTest"/>
  <testcase name="TC_009_VerifyStudyPhysicsTopicRevisionNotesTest" time="73.008" classname="com.applect.meritnation.scripts.StudyTest"/>
  <testcase name="TC_003_VerifyStudyPhysicsTopicConceptsTest" time="116.354" classname="com.applect.meritnation.scripts.StudyTest"/>
  <testcase name="TC_053_VerifyBoardPapterSolutionTest" time="184.132" classname="com.applect.meritnation.scripts.StudyTest"/>
</testsuite> <!-- com.applect.meritnation.scripts.StudyTest -->
