<?xml version="1.0" encoding="UTF-8"?>
<!-- Generated by org.testng.reporters.JUnitReportReporter -->
<testsuite hostname="58-s07" name="com.applect.meritnation.scripts.SearchTest" tests="1" failures="0" timestamp="11 Oct 2018 07:27:48 GMT" time="38.242" errors="0">
  <testcase name="TC_001_SearchTest" time="38.242" classname="com.applect.meritnation.scripts.SearchTest"/>
</testsuite> <!-- com.applect.meritnation.scripts.SearchTest -->
