<?xml version="1.0" encoding="UTF-8"?>
<!-- Generated by org.testng.reporters.JUnitReportReporter -->
<testsuite hostname="58-s07" name="com.applect.meritnation.scripts.AsknAnswerTest" tests="2" failures="0" timestamp="28 Nov 2018 13:36:24 GMT" time="74.302" errors="0">
  <testcase name="TC_001_AskQuestionTest" time="33.486" classname="com.applect.meritnation.scripts.AsknAnswerTest"/>
  <testcase name="TC_003_VerifyUserProfileFromRecommendedQuestionsTest" time="40.816" classname="com.applect.meritnation.scripts.AsknAnswerTest"/>
</testsuite> <!-- com.applect.meritnation.scripts.AsknAnswerTest -->
