<?xml version="1.0" encoding="UTF-8"?>
<!-- Generated by org.testng.reporters.JUnitReportReporter -->
<testsuite hostname="58-s07" name="com.applect.meritnation.scripts.CreateAccountTest" tests="1" failures="0" timestamp="11 Oct 2018 07:27:48 GMT" time="46.424" errors="0">
  <testcase name="TC_001_CreateAccountTest" time="46.424" classname="com.applect.meritnation.scripts.CreateAccountTest"/>
</testsuite> <!-- com.applect.meritnation.scripts.CreateAccountTest -->
