<?xml version="1.0" encoding="UTF-8"?>
<!-- Generated by org.testng.reporters.JUnitReportReporter -->
<testsuite hostname="58-s07" name="com.applect.meritnation.scripts.SearchTest" tests="1" failures="0" timestamp="28 Nov 2018 13:36:24 GMT" time="35.655" errors="0">
  <testcase name="TC_001_SearchTest" time="35.655" classname="com.applect.meritnation.scripts.SearchTest"/>
</testsuite> <!-- com.applect.meritnation.scripts.SearchTest -->
