<?xml version="1.0" encoding="UTF-8"?>
<!-- Generated by org.testng.reporters.JUnitReportReporter -->
<testsuite hostname="58-s07" name="com.applect.meritnation.scripts.AsknAnswerTest" tests="2" failures="0" timestamp="11 Oct 2018 07:27:48 GMT" time="86.002" errors="0">
  <testcase name="TC_001_AskQuestionTest" time="37.229" classname="com.applect.meritnation.scripts.AsknAnswerTest"/>
  <testcase name="TC_003_VerifyUserProfileFromRecommendedQuestionsTest" time="48.773" classname="com.applect.meritnation.scripts.AsknAnswerTest"/>
</testsuite> <!-- com.applect.meritnation.scripts.AsknAnswerTest -->
