<?xml version="1.0" encoding="UTF-8"?>
<!-- Generated by org.testng.reporters.JUnitReportReporter -->
<testsuite skipped="0" hostname="58-s07" name="TestArray" tests="1" failures="0" timestamp="04 Jul 2018 10:49:17 GMT" time="80.763" errors="0">
  <testcase name="hello" time="80.763" classname="TestArray"/>
</testsuite> <!-- TestArray -->
