<?xml version="1.0" encoding="UTF-8"?>
<!-- Generated by org.testng.reporters.JUnitReportReporter -->
<testsuite skipped="0" hostname="58-s07" name="TestArray" tests="1" failures="0" timestamp="17 Apr 2018 07:46:28 GMT" time="0.021" errors="0">
  <testcase name="hello" time="0.021" classname="TestArray"/>
</testsuite> <!-- TestArray -->
